<?xml version="1.0" encoding="UTF-8"?>
<testsuite xmlns:xsi="http://www.w3.org/2001/XMLSchema-instance" xsi:noNamespaceSchemaLocation="https://maven.apache.org/surefire/maven-surefire-plugin/xsd/surefire-test-report.xsd" name="com.logmein.dms.DocumentManagementServletTest" time="1.877" tests="12" errors="0" skipped="0" failures="0">
  <properties>
    <property name="sun.desktop" value="windows"/>
    <property name="awt.toolkit" value="sun.awt.windows.WToolkit"/>
    <property name="file.encoding.pkg" value="sun.io"/>
    <property name="java.specification.version" value="1.8"/>
    <property name="sun.cpu.isalist" value="amd64"/>
    <property name="sun.jnu.encoding" value="Cp1252"/>
    <property name="java.class.path" value="C:\Users\GTUMMAL\eclipse-workspace\dms\document-management-services\target\test-classes;C:\Users\GTUMMAL\eclipse-workspace\dms\document-management-services\target\classes;C:\Users\GTUMMAL\.m2\repository\javax\javaee-api\8.0\javaee-api-8.0.jar;C:\Users\GTUMMAL\.m2\repository\com\sun\mail\javax.mail\1.6.0\javax.mail-1.6.0.jar;C:\Users\GTUMMAL\.m2\repository\javax\activation\activation\1.1\activation-1.1.jar;C:\Users\GTUMMAL\.m2\repository\javax\servlet\javax.servlet-api\3.1.0\javax.servlet-api-3.1.0.jar;C:\Users\GTUMMAL\.m2\repository\junit\junit\4.11\junit-4.11.jar;C:\Users\GTUMMAL\.m2\repository\org\hamcrest\hamcrest-core\1.3\hamcrest-core-1.3.jar;C:\Users\GTUMMAL\.m2\repository\org\mockito\mockito-all\1.10.19\mockito-all-1.10.19.jar;C:\Users\GTUMMAL\.m2\repository\org\slf4j\slf4j-log4j12\1.7.30\slf4j-log4j12-1.7.30.jar;C:\Users\GTUMMAL\.m2\repository\org\slf4j\slf4j-api\1.7.30\slf4j-api-1.7.30.jar;C:\Users\GTUMMAL\.m2\repository\log4j\log4j\1.2.17\log4j-1.2.17.jar;"/>
    <property name="java.vm.vendor" value="Oracle Corporation"/>
    <property name="sun.arch.data.model" value="64"/>
    <property name="user.variant" value=""/>
    <property name="java.vendor.url" value="http://java.oracle.com/"/>
    <property name="user.timezone" value="Europe/Berlin"/>
    <property name="user.country.format" value="DE"/>
    <property name="java.vm.specification.version" value="1.8"/>
    <property name="os.name" value="Windows 7"/>
    <property name="user.country" value="US"/>
    <property name="sun.java.launcher" value="SUN_STANDARD"/>
    <property name="sun.boot.library.path" value="C:\Program Files\Java\jdk1.8.0_241\jre\bin"/>
    <property name="sun.java.command" value="C:\Users\GTUMMAL\AppData\Local\Temp\surefire7776679625148714128\surefirebooter9081518667179816979.jar C:\Users\GTUMMAL\AppData\Local\Temp\surefire7776679625148714128 2020-05-24T23-33-21_259-jvmRun1 surefire5261988205621542329tmp surefire_03941821944738814890tmp"/>
    <property name="surefire.test.class.path" value="C:\Users\GTUMMAL\eclipse-workspace\dms\document-management-services\target\test-classes;C:\Users\GTUMMAL\eclipse-workspace\dms\document-management-services\target\classes;C:\Users\GTUMMAL\.m2\repository\javax\javaee-api\8.0\javaee-api-8.0.jar;C:\Users\GTUMMAL\.m2\repository\com\sun\mail\javax.mail\1.6.0\javax.mail-1.6.0.jar;C:\Users\GTUMMAL\.m2\repository\javax\activation\activation\1.1\activation-1.1.jar;C:\Users\GTUMMAL\.m2\repository\javax\servlet\javax.servlet-api\3.1.0\javax.servlet-api-3.1.0.jar;C:\Users\GTUMMAL\.m2\repository\junit\junit\4.11\junit-4.11.jar;C:\Users\GTUMMAL\.m2\repository\org\hamcrest\hamcrest-core\1.3\hamcrest-core-1.3.jar;C:\Users\GTUMMAL\.m2\repository\org\mockito\mockito-all\1.10.19\mockito-all-1.10.19.jar;C:\Users\GTUMMAL\.m2\repository\org\slf4j\slf4j-log4j12\1.7.30\slf4j-log4j12-1.7.30.jar;C:\Users\GTUMMAL\.m2\repository\org\slf4j\slf4j-api\1.7.30\slf4j-api-1.7.30.jar;C:\Users\GTUMMAL\.m2\repository\log4j\log4j\1.2.17\log4j-1.2.17.jar;"/>
    <property name="sun.cpu.endian" value="little"/>
    <property name="user.home" value="C:\Users\GTUMMAL"/>
    <property name="user.language" value="en"/>
    <property name="java.specification.vendor" value="Oracle Corporation"/>
    <property name="java.home" value="C:\Program Files\Java\jdk1.8.0_241\jre"/>
    <property name="basedir" value="C:\Users\GTUMMAL\eclipse-workspace\dms\document-management-services"/>
    <property name="file.separator" value="\"/>
    <property name="line.separator" value="&#10;"/>
    <property name="java.vm.specification.vendor" value="Oracle Corporation"/>
    <property name="java.specification.name" value="Java Platform API Specification"/>
    <property name="java.awt.graphicsenv" value="sun.awt.Win32GraphicsEnvironment"/>
    <property name="surefire.real.class.path" value="C:\Users\GTUMMAL\AppData\Local\Temp\surefire7776679625148714128\surefirebooter9081518667179816979.jar"/>
    <property name="sun.boot.class.path" value="C:\Program Files\Java\jdk1.8.0_241\jre\lib\resources.jar;C:\Program Files\Java\jdk1.8.0_241\jre\lib\rt.jar;C:\Program Files\Java\jdk1.8.0_241\jre\lib\sunrsasign.jar;C:\Program Files\Java\jdk1.8.0_241\jre\lib\jsse.jar;C:\Program Files\Java\jdk1.8.0_241\jre\lib\jce.jar;C:\Program Files\Java\jdk1.8.0_241\jre\lib\charsets.jar;C:\Program Files\Java\jdk1.8.0_241\jre\lib\jfr.jar;C:\Program Files\Java\jdk1.8.0_241\jre\classes"/>
    <property name="user.script" value=""/>
    <property name="sun.management.compiler" value="HotSpot 64-Bit Tiered Compilers"/>
    <property name="java.runtime.version" value="1.8.0_241-b07"/>
    <property name="user.name" value="GTUMMAL"/>
    <property name="path.separator" value=";"/>
    <property name="os.version" value="6.1"/>
    <property name="java.endorsed.dirs" value="C:\Program Files\Java\jdk1.8.0_241\jre\lib\endorsed"/>
    <property name="java.runtime.name" value="Java(TM) SE Runtime Environment"/>
    <property name="file.encoding" value="Cp1252"/>
    <property name="java.vm.name" value="Java HotSpot(TM) 64-Bit Server VM"/>
    <property name="localRepository" value="C:\Users\GTUMMAL\.m2\repository"/>
    <property name="java.vendor.url.bug" value="http://bugreport.sun.com/bugreport/"/>
    <property name="java.io.tmpdir" value="C:\Users\GTUMMAL\AppData\Local\Temp\"/>
    <property name="java.version" value="1.8.0_241"/>
    <property name="user.dir" value="C:\Users\GTUMMAL\eclipse-workspace\dms\document-management-services"/>
    <property name="os.arch" value="amd64"/>
    <property name="java.vm.specification.name" value="Java Virtual Machine Specification"/>
    <property name="java.awt.printerjob" value="sun.awt.windows.WPrinterJob"/>
    <property name="user.language.format" value="de"/>
    <property name="sun.os.patch.level" value="Service Pack 1"/>
    <property name="java.library.path" value="C:\Program Files\Java\jdk1.8.0_241\jre\bin;C:\WINDOWS\Sun\Java\bin;C:\WINDOWS\system32;C:\WINDOWS;C:/Program Files/Java/jdk-11.0.7/bin/server;C:/Program Files/Java/jdk-11.0.7/bin;C:\Program Files\Java\jdk-11.0.7\bin;C:\Program Files (x86)\IBM\WebSphere MQ\Java\lib;C:\WINDOWS\system32;C:\WINDOWS;C:\WINDOWS\System32\Wbem;C:\WINDOWS\System32\WindowsPowerShell\v1.0\;C:\WINDOWS\System32\WindowsPowerShell\v1.0\;C:\Program Files (x86)\DC VB Extended Components\S00;C:\WINDOWS\System32\WindowsPowerShell\v1.0\;C:\Program Files\Intel\WiFi\bin\;C:\Program Files\Common Files\Intel\WirelessCommon\;C:\Program Files (x86)\IBM\WebSphere MQ\bin64;C:\Program Files (x86)\IBM\WebSphere MQ\bin;C:\Program Files (x86)\IBM\WebSphere MQ\bin;C:\Program Files (x86)\IBM\WebSphere MQ\tools\c\samples\bin;C:\Program Files (x86)\SAP\FrontEnd\SAPgui;C:\Program Files\Git\cmd;C:\WINDOWS\System32\WindowsPowerShell\v1.0\;C:\Gowtham\Downloads\apache-maven-3.6.3-bin\apache-maven-3.6.3\bin;;C:\Program Files\Docker Toolbox;C:\Program Files\JetBrains\IntelliJ IDEA Community Edition 2019.3.3\bin;;C:\Program Files\Docker Toolbox;C:\Users\GTUMMAL\Desktop;;."/>
    <property name="java.vm.info" value="mixed mode"/>
    <property name="java.vendor" value="Oracle Corporation"/>
    <property name="java.vm.version" value="25.241-b07"/>
    <property name="java.ext.dirs" value="C:\Program Files\Java\jdk1.8.0_241\jre\lib\ext;C:\WINDOWS\Sun\Java\lib\ext"/>
    <property name="sun.io.unicode.encoding" value="UnicodeLittle"/>
    <property name="java.class.version" value="52.0"/>
  </properties>
  <testcase name="moreThanOnePartWhilePost" classname="com.logmein.dms.DocumentManagementServletTest" time="0.413"/>
  <testcase name="documentIdMissingWhileGet" classname="com.logmein.dms.DocumentManagementServletTest" time="0.031"/>
  <testcase name="documentIdMissingWhilePut" classname="com.logmein.dms.DocumentManagementServletTest" time="0.043"/>
  <testcase name="moreThanOnePartWhilePut" classname="com.logmein.dms.DocumentManagementServletTest" time="0.048"/>
  <testcase name="missingPartWhilePut" classname="com.logmein.dms.DocumentManagementServletTest" time="0.088"/>
  <testcase name="missingPartWhilePost" classname="com.logmein.dms.DocumentManagementServletTest" time="0.075"/>
  <testcase name="documentNotFoundWhileDelete" classname="com.logmein.dms.DocumentManagementServletTest" time="0.512"/>
  <testcase name="documentNotFoundWhileGet" classname="com.logmein.dms.DocumentManagementServletTest" time="0.083"/>
  <testcase name="documentNotFoundWhilePut" classname="com.logmein.dms.DocumentManagementServletTest" time="0.095"/>
  <testcase name="missingFileInPartWhilePost" classname="com.logmein.dms.DocumentManagementServletTest" time="0.103"/>
  <testcase name="documentIdMissingWhileDelete" classname="com.logmein.dms.DocumentManagementServletTest" time="0.115"/>
  <testcase name="missingFileInPartWhilePut" classname="com.logmein.dms.DocumentManagementServletTest" time="0.122"/>
</testsuite>